# JRE version: OpenJDK Runtime Environment (21.0.6) (build 21.0.6+-13391695-b895.109)
# Java VM: OpenJDK 64-Bit Server VM (21.0.6+-13391695-b895.109, mixed mode, tiered, compressed oops, compressed class ptrs, g1 gc, windows-amd64)
GC Precious Log:
 CardTable entry size: 512
 Card Set container configuration: InlinePtr #cards 5 size 8 Array Of Cards #cards 12 size 40 Howl #buckets 4 coarsen threshold 1843 Howl Bitmap #cards 512 size 80 coarsen threshold 460 Card regions per heap region 1 cards per card region 2048
 CPUs: 8 total, 8 available
 Memory: 7991M
 Large Page Support: Disabled
 NUMA Support: Disabled
 Compressed Oops: Enabled (32-bit)
 Heap Region Size: 1M
 Heap Min Capacity: 8M
 Heap Initial Capacity: 126M
 Heap Max Capacity: 2G
 Pre-touch: Disabled
 Parallel Workers: 8
 Concurrent Workers: 2
 Concurrent Refinement Workers: 8
 Periodic GC: Disabled
Heap:
 garbage-first heap   total 285696K, used 166610K [0x0000000080000000, 0x0000000100000000)
  region size 1024K, 10 young (10240K), 7 survivors (7168K)
 Metaspace       used 154735K, committed 157312K, reserved 1245184K
  class space    used 20651K, committed 21952K, reserved 1048576K
GC Heap History (20 events):
Event: 15.315 GC heap before
{Heap before GC invocations=42 (full 0):
 garbage-first heap   total 217088K, used 185283K [0x0000000080000000, 0x0000000100000000)
  region size 1024K, 63 young (64512K), 8 survivors (8192K)
 Metaspace       used 122234K, committed 124608K, reserved 1179648K
  class space    used 16406K, committed 17600K, reserved 1048576K
}
Event: 15.323 GC heap after
{Heap after GC invocations=43 (full 0):
 garbage-first heap   total 217088K, used 132030K [0x0000000080000000, 0x0000000100000000)
  region size 1024K, 6 young (6144K), 6 survivors (6144K)
 Metaspace       used 122234K, committed 124608K, reserved 1179648K
  class space    used 16406K, committed 17600K, reserved 1048576K
}
Event: 15.868 GC heap before
{Heap before GC invocations=43 (full 0):
 garbage-first heap   total 217088K, used 196542K [0x0000000080000000, 0x0000000100000000)
  region size 1024K, 70 young (71680K), 6 survivors (6144K)
 Metaspace       used 122707K, committed 125120K, reserved 1179648K
  class space    used 16456K, committed 17664K, reserved 1048576K
}
Event: 15.877 GC heap after
{Heap after GC invocations=44 (full 0):
 garbage-first heap   total 217088K, used 134091K [0x0000000080000000, 0x0000000100000000)
  region size 1024K, 6 young (6144K), 6 survivors (6144K)
 Metaspace       used 122707K, committed 125120K, reserved 1179648K
  class space    used 16456K, committed 17664K, reserved 1048576K
}
Event: 16.201 GC heap before
{Heap before GC invocations=44 (full 0):
 garbage-first heap   total 217088K, used 196555K [0x0000000080000000, 0x0000000100000000)
  region size 1024K, 68 young (69632K), 6 survivors (6144K)
 Metaspace       used 122836K, committed 125312K, reserved 1179648K
  class space    used 16467K, committed 17728K, reserved 1048576K
}
Event: 16.208 GC heap after
{Heap after GC invocations=45 (full 0):
 garbage-first heap   total 217088K, used 136992K [0x0000000080000000, 0x0000000100000000)
  region size 1024K, 5 young (5120K), 5 survivors (5120K)
 Metaspace       used 122836K, committed 125312K, reserved 1179648K
  class space    used 16467K, committed 17728K, reserved 1048576K
}
Event: 16.848 GC heap before
{Heap before GC invocations=46 (full 0):
 garbage-first heap   total 247808K, used 246560K [0x0000000080000000, 0x0000000100000000)
  region size 1024K, 40 young (40960K), 5 survivors (5120K)
 Metaspace       used 126080K, committed 128448K, reserved 1179648K
  class space    used 16913K, committed 18112K, reserved 1048576K
}
Event: 16.856 GC heap after
{Heap after GC invocations=47 (full 0):
 garbage-first heap   total 256000K, used 140167K [0x0000000080000000, 0x0000000100000000)
  region size 1024K, 8 young (8192K), 8 survivors (8192K)
 Metaspace       used 126080K, committed 128448K, reserved 1179648K
  class space    used 16913K, committed 18112K, reserved 1048576K
}
Event: 50.391 GC heap before
{Heap before GC invocations=47 (full 0):
 garbage-first heap   total 256000K, used 233351K [0x0000000080000000, 0x0000000100000000)
  region size 1024K, 100 young (102400K), 8 survivors (8192K)
 Metaspace       used 132717K, committed 135168K, reserved 1179648K
  class space    used 17538K, committed 18752K, reserved 1048576K
}
Event: 50.403 GC heap after
{Heap after GC invocations=48 (full 0):
 garbage-first heap   total 256000K, used 142644K [0x0000000080000000, 0x0000000100000000)
  region size 1024K, 8 young (8192K), 8 survivors (8192K)
 Metaspace       used 132717K, committed 135168K, reserved 1179648K
  class space    used 17538K, committed 18752K, reserved 1048576K
}
Event: 51.108 GC heap before
{Heap before GC invocations=48 (full 0):
 garbage-first heap   total 256000K, used 232756K [0x0000000080000000, 0x0000000100000000)
  region size 1024K, 97 young (99328K), 8 survivors (8192K)
 Metaspace       used 133434K, committed 135872K, reserved 1179648K
  class space    used 17578K, committed 18816K, reserved 1048576K
}
Event: 51.120 GC heap after
{Heap after GC invocations=49 (full 0):
 garbage-first heap   total 256000K, used 152576K [0x0000000080000000, 0x0000000100000000)
  region size 1024K, 13 young (13312K), 13 survivors (13312K)
 Metaspace       used 133434K, committed 135872K, reserved 1179648K
  class space    used 17578K, committed 18816K, reserved 1048576K
}
Event: 52.959 GC heap before
{Heap before GC invocations=50 (full 0):
 garbage-first heap   total 256000K, used 228352K [0x0000000080000000, 0x0000000100000000)
  region size 1024K, 88 young (90112K), 13 survivors (13312K)
 Metaspace       used 136970K, committed 139520K, reserved 1179648K
  class space    used 18032K, committed 19328K, reserved 1048576K
}
Event: 52.973 GC heap after
{Heap after GC invocations=51 (full 0):
 garbage-first heap   total 256000K, used 159598K [0x0000000080000000, 0x0000000100000000)
  region size 1024K, 7 young (7168K), 7 survivors (7168K)
 Metaspace       used 136970K, committed 139520K, reserved 1179648K
  class space    used 18032K, committed 19328K, reserved 1048576K
}
Event: 56.301 GC heap before
{Heap before GC invocations=51 (full 0):
 garbage-first heap   total 256000K, used 234350K [0x0000000080000000, 0x0000000100000000)
  region size 1024K, 81 young (82944K), 7 survivors (7168K)
 Metaspace       used 138723K, committed 141248K, reserved 1179648K
  class space    used 18297K, committed 19584K, reserved 1048576K
}
Event: 56.315 GC heap after
{Heap after GC invocations=52 (full 0):
 garbage-first heap   total 256000K, used 166068K [0x0000000080000000, 0x0000000100000000)
  region size 1024K, 10 young (10240K), 10 survivors (10240K)
 Metaspace       used 138723K, committed 141248K, reserved 1179648K
  class space    used 18297K, committed 19584K, reserved 1048576K
}
Event: 57.036 GC heap before
{Heap before GC invocations=52 (full 0):
 garbage-first heap   total 256000K, used 230580K [0x0000000080000000, 0x0000000100000000)
  region size 1024K, 74 young (75776K), 10 survivors (10240K)
 Metaspace       used 146561K, committed 149120K, reserved 1179648K
  class space    used 19462K, committed 20736K, reserved 1048576K
}
Event: 57.044 GC heap after
{Heap after GC invocations=53 (full 0):
 garbage-first heap   total 256000K, used 170255K [0x0000000080000000, 0x0000000100000000)
  region size 1024K, 4 young (4096K), 4 survivors (4096K)
 Metaspace       used 146561K, committed 149120K, reserved 1179648K
  class space    used 19462K, committed 20736K, reserved 1048576K
}
Event: 57.588 GC heap before
{Heap before GC invocations=54 (full 0):
 garbage-first heap   total 285696K, used 234767K [0x0000000080000000, 0x0000000100000000)
  region size 1024K, 68 young (69632K), 4 survivors (4096K)
 Metaspace       used 153172K, committed 155712K, reserved 1245184K
  class space    used 20524K, committed 21824K, reserved 1048576K
}
Event: 57.594 GC heap after
{Heap after GC invocations=55 (full 0):
 garbage-first heap   total 285696K, used 172631K [0x0000000080000000, 0x0000000100000000)
  region size 1024K, 6 young (6144K), 6 survivors (6144K)
 Metaspace       used 153172K, committed 155712K, reserved 1245184K
  class space    used 20524K, committed 21824K, reserved 1048576K
}

