# JRE version: OpenJDK Runtime Environment (21.0.6) (build 21.0.6+-13391695-b895.109)
# Java VM: OpenJDK 64-Bit Server VM (21.0.6+-13391695-b895.109, mixed mode, tiered, compressed oops, compressed class ptrs, g1 gc, windows-amd64)
GC Precious Log:
 CardTable entry size: 512
 Card Set container configuration: InlinePtr #cards 5 size 8 Array Of Cards #cards 12 size 40 Howl #buckets 4 coarsen threshold 1843 Howl Bitmap #cards 512 size 80 coarsen threshold 460 Card regions per heap region 1 cards per card region 2048
 CPUs: 8 total, 8 available
 Memory: 7991M
 Large Page Support: Disabled
 NUMA Support: Disabled
 Compressed Oops: Enabled (32-bit)
 Heap Region Size: 1M
 Heap Min Capacity: 8M
 Heap Initial Capacity: 126M
 Heap Max Capacity: 2G
 Pre-touch: Disabled
 Parallel Workers: 8
 Concurrent Workers: 2
 Concurrent Refinement Workers: 8
 Periodic GC: Disabled
Heap:
 garbage-first heap   total 343040K, used 211815K [0x0000000080000000, 0x0000000100000000)
  region size 1024K, 23 young (23552K), 9 survivors (9216K)
 Metaspace       used 148923K, committed 151360K, reserved 1179648K
  class space    used 20370K, committed 21568K, reserved 1048576K
GC Heap History (20 events):
Event: 13.977 GC heap before
{Heap before GC invocations=43 (full 0):
 garbage-first heap   total 211968K, used 193796K [0x0000000080000000, 0x0000000100000000)
  region size 1024K, 78 young (79872K), 7 survivors (7168K)
 Metaspace       used 121602K, committed 123968K, reserved 1179648K
  class space    used 16301K, committed 17472K, reserved 1048576K
}
Event: 13.988 GC heap after
{Heap after GC invocations=44 (full 0):
 garbage-first heap   total 212992K, used 127807K [0x0000000080000000, 0x0000000100000000)
  region size 1024K, 10 young (10240K), 10 survivors (10240K)
 Metaspace       used 121602K, committed 123968K, reserved 1179648K
  class space    used 16301K, committed 17472K, reserved 1048576K
}
Event: 14.374 GC heap before
{Heap before GC invocations=44 (full 0):
 garbage-first heap   total 212992K, used 189247K [0x0000000080000000, 0x0000000100000000)
  region size 1024K, 71 young (72704K), 10 survivors (10240K)
 Metaspace       used 122232K, committed 124672K, reserved 1179648K
  class space    used 16409K, committed 17600K, reserved 1048576K
}
Event: 14.383 GC heap after
{Heap after GC invocations=45 (full 0):
 garbage-first heap   total 212992K, used 131962K [0x0000000080000000, 0x0000000100000000)
  region size 1024K, 6 young (6144K), 6 survivors (6144K)
 Metaspace       used 122232K, committed 124672K, reserved 1179648K
  class space    used 16409K, committed 17600K, reserved 1048576K
}
Event: 14.810 GC heap before
{Heap before GC invocations=45 (full 0):
 garbage-first heap   total 212992K, used 193402K [0x0000000080000000, 0x0000000100000000)
  region size 1024K, 67 young (68608K), 6 survivors (6144K)
 Metaspace       used 122694K, committed 125120K, reserved 1179648K
  class space    used 16459K, committed 17664K, reserved 1048576K
}
Event: 14.819 GC heap after
{Heap after GC invocations=46 (full 0):
 garbage-first heap   total 212992K, used 134449K [0x0000000080000000, 0x0000000100000000)
  region size 1024K, 6 young (6144K), 6 survivors (6144K)
 Metaspace       used 122694K, committed 125120K, reserved 1179648K
  class space    used 16459K, committed 17664K, reserved 1048576K
}
Event: 15.110 GC heap before
{Heap before GC invocations=47 (full 0):
 garbage-first heap   total 225280K, used 193841K [0x0000000080000000, 0x0000000100000000)
  region size 1024K, 65 young (66560K), 6 survivors (6144K)
 Metaspace       used 122757K, committed 125184K, reserved 1179648K
  class space    used 16463K, committed 17664K, reserved 1048576K
}
Event: 15.117 GC heap after
{Heap after GC invocations=48 (full 0):
 garbage-first heap   total 225280K, used 137168K [0x0000000080000000, 0x0000000100000000)
  region size 1024K, 5 young (5120K), 5 survivors (5120K)
 Metaspace       used 122757K, committed 125184K, reserved 1179648K
  class space    used 16463K, committed 17664K, reserved 1048576K
}
Event: 15.862 GC heap before
{Heap before GC invocations=48 (full 0):
 garbage-first heap   total 225280K, used 203728K [0x0000000080000000, 0x0000000100000000)
  region size 1024K, 71 young (72704K), 5 survivors (5120K)
 Metaspace       used 129423K, committed 131904K, reserved 1179648K
  class space    used 17517K, committed 18752K, reserved 1048576K
}
Event: 15.870 GC heap after
{Heap after GC invocations=49 (full 0):
 garbage-first heap   total 225280K, used 139095K [0x0000000080000000, 0x0000000100000000)
  region size 1024K, 9 young (9216K), 9 survivors (9216K)
 Metaspace       used 129423K, committed 131904K, reserved 1179648K
  class space    used 17517K, committed 18752K, reserved 1048576K
}
Event: 16.308 GC heap before
{Heap before GC invocations=49 (full 0):
 garbage-first heap   total 225280K, used 203607K [0x0000000080000000, 0x0000000100000000)
  region size 1024K, 73 young (74752K), 9 survivors (9216K)
 Metaspace       used 137393K, committed 139840K, reserved 1179648K
  class space    used 18821K, committed 20032K, reserved 1048576K
}
Event: 16.317 GC heap after
{Heap after GC invocations=50 (full 0):
 garbage-first heap   total 225280K, used 142589K [0x0000000080000000, 0x0000000100000000)
  region size 1024K, 9 young (9216K), 9 survivors (9216K)
 Metaspace       used 137393K, committed 139840K, reserved 1179648K
  class space    used 18821K, committed 20032K, reserved 1048576K
}
Event: 16.748 GC heap before
{Heap before GC invocations=51 (full 0):
 garbage-first heap   total 239616K, used 200957K [0x0000000080000000, 0x0000000100000000)
  region size 1024K, 67 young (68608K), 9 survivors (9216K)
 Metaspace       used 141682K, committed 144128K, reserved 1179648K
  class space    used 19485K, committed 20736K, reserved 1048576K
}
Event: 16.757 GC heap after
{Heap after GC invocations=52 (full 0):
 garbage-first heap   total 239616K, used 145136K [0x0000000080000000, 0x0000000100000000)
  region size 1024K, 7 young (7168K), 7 survivors (7168K)
 Metaspace       used 141682K, committed 144128K, reserved 1179648K
  class space    used 19485K, committed 20736K, reserved 1048576K
}
Event: 17.107 GC heap before
{Heap before GC invocations=52 (full 0):
 garbage-first heap   total 239616K, used 216816K [0x0000000080000000, 0x0000000100000000)
  region size 1024K, 78 young (79872K), 7 survivors (7168K)
 Metaspace       used 142757K, committed 145216K, reserved 1179648K
  class space    used 19574K, committed 20800K, reserved 1048576K
}
Event: 17.113 GC heap after
{Heap after GC invocations=53 (full 0):
 garbage-first heap   total 343040K, used 143113K [0x0000000080000000, 0x0000000100000000)
  region size 1024K, 3 young (3072K), 3 survivors (3072K)
 Metaspace       used 142757K, committed 145216K, reserved 1179648K
  class space    used 19574K, committed 20800K, reserved 1048576K
}
Event: 18.244 GC heap before
{Heap before GC invocations=53 (full 0):
 garbage-first heap   total 343040K, used 319241K [0x0000000080000000, 0x0000000100000000)
  region size 1024K, 176 young (180224K), 3 survivors (3072K)
 Metaspace       used 146002K, committed 148544K, reserved 1179648K
  class space    used 20008K, committed 21248K, reserved 1048576K
}
Event: 18.253 GC heap after
{Heap after GC invocations=54 (full 0):
 garbage-first heap   total 343040K, used 148701K [0x0000000080000000, 0x0000000100000000)
  region size 1024K, 8 young (8192K), 8 survivors (8192K)
 Metaspace       used 146002K, committed 148544K, reserved 1179648K
  class space    used 20008K, committed 21248K, reserved 1048576K
}
Event: 18.535 GC heap before
{Heap before GC invocations=54 (full 0):
 garbage-first heap   total 343040K, used 165085K [0x0000000080000000, 0x0000000100000000)
  region size 1024K, 25 young (25600K), 8 survivors (8192K)
 Metaspace       used 147745K, committed 150208K, reserved 1179648K
  class space    used 20228K, committed 21440K, reserved 1048576K
}
Event: 18.543 GC heap after
{Heap after GC invocations=55 (full 0):
 garbage-first heap   total 343040K, used 149351K [0x0000000080000000, 0x0000000100000000)
  region size 1024K, 9 young (9216K), 9 survivors (9216K)
 Metaspace       used 147745K, committed 150208K, reserved 1179648K
  class space    used 20228K, committed 21440K, reserved 1048576K
}

