# JRE version: OpenJDK Runtime Environment (21.0.6) (build 21.0.6+-13391695-b895.109)
# Java VM: OpenJDK 64-Bit Server VM (21.0.6+-13391695-b895.109, mixed mode, tiered, compressed oops, compressed class ptrs, g1 gc, windows-amd64)
GC Precious Log:
 CardTable entry size: 512
 Card Set container configuration: InlinePtr #cards 5 size 8 Array Of Cards #cards 12 size 40 Howl #buckets 4 coarsen threshold 1843 Howl Bitmap #cards 512 size 80 coarsen threshold 460 Card regions per heap region 1 cards per card region 2048
 CPUs: 8 total, 8 available
 Memory: 7991M
 Large Page Support: Disabled
 NUMA Support: Disabled
 Compressed Oops: Enabled (32-bit)
 Heap Region Size: 1M
 Heap Min Capacity: 8M
 Heap Initial Capacity: 126M
 Heap Max Capacity: 2G
 Pre-touch: Disabled
 Parallel Workers: 8
 Concurrent Workers: 2
 Concurrent Refinement Workers: 8
 Periodic GC: Disabled
Heap:
 garbage-first heap   total 296960K, used 194203K [0x0000000080000000, 0x0000000100000000)
  region size 1024K, 24 young (24576K), 7 survivors (7168K)
 Metaspace       used 174131K, committed 176768K, reserved 1245184K
  class space    used 23141K, committed 24448K, reserved 1048576K
GC Heap History (20 events):
Event: 24.134 GC heap before
{Heap before GC invocations=51 (full 0):
 garbage-first heap   total 237568K, used 215184K [0x0000000080000000, 0x0000000100000000)
  region size 1024K, 78 young (79872K), 5 survivors (5120K)
 Metaspace       used 132635K, committed 135040K, reserved 1179648K
  class space    used 17784K, committed 19008K, reserved 1048576K
}
Event: 24.142 GC heap after
{Heap after GC invocations=52 (full 0):
 garbage-first heap   total 285696K, used 144830K [0x0000000080000000, 0x0000000100000000)
  region size 1024K, 9 young (9216K), 9 survivors (9216K)
 Metaspace       used 132635K, committed 135040K, reserved 1179648K
  class space    used 17784K, committed 19008K, reserved 1048576K
}
Event: 32.595 GC heap before
{Heap before GC invocations=52 (full 0):
 garbage-first heap   total 285696K, used 261566K [0x0000000080000000, 0x0000000100000000)
  region size 1024K, 118 young (120832K), 9 survivors (9216K)
 Metaspace       used 140804K, committed 143232K, reserved 1179648K
  class space    used 18830K, committed 20032K, reserved 1048576K
}
Event: 32.620 GC heap after
{Heap after GC invocations=53 (full 0):
 garbage-first heap   total 289792K, used 165153K [0x0000000080000000, 0x0000000100000000)
  region size 1024K, 15 young (15360K), 15 survivors (15360K)
 Metaspace       used 140804K, committed 143232K, reserved 1179648K
  class space    used 18830K, committed 20032K, reserved 1048576K
}
Event: 34.031 GC heap before
{Heap before GC invocations=53 (full 0):
 garbage-first heap   total 289792K, used 249121K [0x0000000080000000, 0x0000000100000000)
  region size 1024K, 98 young (100352K), 15 survivors (15360K)
 Metaspace       used 144854K, committed 147392K, reserved 1179648K
  class space    used 19327K, committed 20608K, reserved 1048576K
}
Event: 34.048 GC heap after
{Heap after GC invocations=54 (full 0):
 garbage-first heap   total 289792K, used 164407K [0x0000000080000000, 0x0000000100000000)
  region size 1024K, 6 young (6144K), 6 survivors (6144K)
 Metaspace       used 144854K, committed 147392K, reserved 1179648K
  class space    used 19327K, committed 20608K, reserved 1048576K
}
Event: 35.067 GC heap before
{Heap before GC invocations=54 (full 0):
 garbage-first heap   total 289792K, used 252471K [0x0000000080000000, 0x0000000100000000)
  region size 1024K, 93 young (95232K), 6 survivors (6144K)
 Metaspace       used 155519K, committed 158080K, reserved 1245184K
  class space    used 20925K, committed 22208K, reserved 1048576K
}
Event: 35.075 GC heap after
{Heap after GC invocations=55 (full 0):
 garbage-first heap   total 289792K, used 167479K [0x0000000080000000, 0x0000000100000000)
  region size 1024K, 9 young (9216K), 9 survivors (9216K)
 Metaspace       used 155519K, committed 158080K, reserved 1245184K
  class space    used 20925K, committed 22208K, reserved 1048576K
}
Event: 36.124 GC heap before
{Heap before GC invocations=56 (full 0):
 garbage-first heap   total 289792K, used 257591K [0x0000000080000000, 0x0000000100000000)
  region size 1024K, 98 young (100352K), 9 survivors (9216K)
 Metaspace       used 159872K, committed 162432K, reserved 1245184K
  class space    used 21567K, committed 22848K, reserved 1048576K
}
Event: 36.138 GC heap after
{Heap after GC invocations=57 (full 0):
 garbage-first heap   total 289792K, used 168691K [0x0000000080000000, 0x0000000100000000)
  region size 1024K, 7 young (7168K), 7 survivors (7168K)
 Metaspace       used 159872K, committed 162432K, reserved 1245184K
  class space    used 21567K, committed 22848K, reserved 1048576K
}
Event: 36.596 GC heap before
{Heap before GC invocations=57 (full 0):
 garbage-first heap   total 289792K, used 262899K [0x0000000080000000, 0x0000000100000000)
  region size 1024K, 100 young (102400K), 7 survivors (7168K)
 Metaspace       used 161738K, committed 164288K, reserved 1245184K
  class space    used 21841K, committed 23104K, reserved 1048576K
}
Event: 36.604 GC heap after
{Heap after GC invocations=58 (full 0):
 garbage-first heap   total 289792K, used 165326K [0x0000000080000000, 0x0000000100000000)
  region size 1024K, 7 young (7168K), 7 survivors (7168K)
 Metaspace       used 161738K, committed 164288K, reserved 1245184K
  class space    used 21841K, committed 23104K, reserved 1048576K
}
Event: 37.331 GC heap before
{Heap before GC invocations=58 (full 0):
 garbage-first heap   total 289792K, used 265678K [0x0000000080000000, 0x0000000100000000)
  region size 1024K, 106 young (108544K), 7 survivors (7168K)
 Metaspace       used 164500K, committed 167040K, reserved 1245184K
  class space    used 22233K, committed 23488K, reserved 1048576K
}
Event: 37.338 GC heap after
{Heap after GC invocations=59 (full 0):
 garbage-first heap   total 289792K, used 164864K [0x0000000080000000, 0x0000000100000000)
  region size 1024K, 6 young (6144K), 6 survivors (6144K)
 Metaspace       used 164500K, committed 167040K, reserved 1245184K
  class space    used 22233K, committed 23488K, reserved 1048576K
}
Event: 38.421 GC heap before
{Heap before GC invocations=60 (full 0):
 garbage-first heap   total 289792K, used 288768K [0x0000000080000000, 0x0000000100000000)
  region size 1024K, 82 young (83968K), 6 survivors (6144K)
 Metaspace       used 171614K, committed 174208K, reserved 1245184K
  class space    used 23004K, committed 24320K, reserved 1048576K
}
Event: 38.431 GC heap after
{Heap after GC invocations=61 (full 0):
 garbage-first heap   total 296960K, used 163608K [0x0000000080000000, 0x0000000100000000)
  region size 1024K, 7 young (7168K), 7 survivors (7168K)
 Metaspace       used 171614K, committed 174208K, reserved 1245184K
  class space    used 23004K, committed 24320K, reserved 1048576K
}
Event: 310.348 GC heap before
{Heap before GC invocations=61 (full 0):
 garbage-first heap   total 296960K, used 274200K [0x0000000080000000, 0x0000000100000000)
  region size 1024K, 115 young (117760K), 7 survivors (7168K)
 Metaspace       used 173819K, committed 176448K, reserved 1245184K
  class space    used 23140K, committed 24448K, reserved 1048576K
}
Event: 310.400 GC heap after
{Heap after GC invocations=62 (full 0):
 garbage-first heap   total 296960K, used 170222K [0x0000000080000000, 0x0000000100000000)
  region size 1024K, 15 young (15360K), 15 survivors (15360K)
 Metaspace       used 173819K, committed 176448K, reserved 1245184K
  class space    used 23140K, committed 24448K, reserved 1048576K
}
Event: 317.846 GC heap before
{Heap before GC invocations=62 (full 0):
 garbage-first heap   total 296960K, used 264430K [0x0000000080000000, 0x0000000100000000)
  region size 1024K, 108 young (110592K), 15 survivors (15360K)
 Metaspace       used 174088K, committed 176704K, reserved 1245184K
  class space    used 23141K, committed 24448K, reserved 1048576K
}
Event: 317.869 GC heap after
{Heap after GC invocations=63 (full 0):
 garbage-first heap   total 296960K, used 177819K [0x0000000080000000, 0x0000000100000000)
  region size 1024K, 7 young (7168K), 7 survivors (7168K)
 Metaspace       used 174088K, committed 176704K, reserved 1245184K
  class space    used 23141K, committed 24448K, reserved 1048576K
}

