# JRE version: OpenJDK Runtime Environment (21.0.6) (build 21.0.6+-13391695-b895.109)
# Java VM: OpenJDK 64-Bit Server VM (21.0.6+-13391695-b895.109, mixed mode, tiered, compressed oops, compressed class ptrs, g1 gc, windows-amd64)
GC Precious Log:
 CardTable entry size: 512
 Card Set container configuration: InlinePtr #cards 5 size 8 Array Of Cards #cards 12 size 40 Howl #buckets 4 coarsen threshold 1843 Howl Bitmap #cards 512 size 80 coarsen threshold 460 Card regions per heap region 1 cards per card region 2048
 CPUs: 8 total, 8 available
 Memory: 7991M
 Large Page Support: Disabled
 NUMA Support: Disabled
 Compressed Oops: Enabled (32-bit)
 Heap Region Size: 1M
 Heap Min Capacity: 8M
 Heap Initial Capacity: 126M
 Heap Max Capacity: 2G
 Pre-touch: Disabled
 Parallel Workers: 8
 Concurrent Workers: 2
 Concurrent Refinement Workers: 8
 Periodic GC: Disabled
Heap:
 garbage-first heap   total 220160K, used 163335K [0x0000000080000000, 0x0000000100000000)
  region size 1024K, 32 young (32768K), 7 survivors (7168K)
 Metaspace       used 127907K, committed 130368K, reserved 1179648K
  class space    used 17184K, committed 18432K, reserved 1048576K
GC Heap History (20 events):
Event: 16.527 GC heap before
{Heap before GC invocations=43 (full 0):
 garbage-first heap   total 168960K, used 152517K [0x0000000080000000, 0x0000000100000000)
  region size 1024K, 57 young (58368K), 6 survivors (6144K)
 Metaspace       used 112058K, committed 114304K, reserved 1179648K
  class space    used 15158K, committed 16256K, reserved 1048576K
}
Event: 16.532 GC heap after
{Heap after GC invocations=44 (full 0):
 garbage-first heap   total 168960K, used 103406K [0x0000000080000000, 0x0000000100000000)
  region size 1024K, 6 young (6144K), 6 survivors (6144K)
 Metaspace       used 112058K, committed 114304K, reserved 1179648K
  class space    used 15158K, committed 16256K, reserved 1048576K
}
Event: 17.461 GC heap before
{Heap before GC invocations=45 (full 0):
 garbage-first heap   total 174080K, used 152558K [0x0000000080000000, 0x0000000100000000)
  region size 1024K, 54 young (55296K), 6 survivors (6144K)
 Metaspace       used 116091K, committed 118400K, reserved 1179648K
  class space    used 15747K, committed 16896K, reserved 1048576K
}
Event: 17.470 GC heap after
{Heap after GC invocations=46 (full 0):
 garbage-first heap   total 174080K, used 106716K [0x0000000080000000, 0x0000000100000000)
  region size 1024K, 7 young (7168K), 7 survivors (7168K)
 Metaspace       used 116091K, committed 118400K, reserved 1179648K
  class space    used 15747K, committed 16896K, reserved 1048576K
}
Event: 17.916 GC heap before
{Heap before GC invocations=46 (full 0):
 garbage-first heap   total 174080K, used 156892K [0x0000000080000000, 0x0000000100000000)
  region size 1024K, 56 young (57344K), 7 survivors (7168K)
 Metaspace       used 116939K, committed 119296K, reserved 1179648K
  class space    used 15858K, committed 17024K, reserved 1048576K
}
Event: 17.924 GC heap after
{Heap after GC invocations=47 (full 0):
 garbage-first heap   total 174080K, used 112243K [0x0000000080000000, 0x0000000100000000)
  region size 1024K, 7 young (7168K), 7 survivors (7168K)
 Metaspace       used 116939K, committed 119296K, reserved 1179648K
  class space    used 15858K, committed 17024K, reserved 1048576K
}
Event: 18.377 GC heap before
{Heap before GC invocations=47 (full 0):
 garbage-first heap   total 174080K, used 146035K [0x0000000080000000, 0x0000000100000000)
  region size 1024K, 42 young (43008K), 7 survivors (7168K)
 Metaspace       used 118288K, committed 120576K, reserved 1179648K
  class space    used 15949K, committed 17088K, reserved 1048576K
}
Event: 18.390 GC heap after
{Heap after GC invocations=48 (full 0):
 garbage-first heap   total 174080K, used 119937K [0x0000000080000000, 0x0000000100000000)
  region size 1024K, 7 young (7168K), 7 survivors (7168K)
 Metaspace       used 118288K, committed 120576K, reserved 1179648K
  class space    used 15949K, committed 17088K, reserved 1048576K
}
Event: 19.072 GC heap before
{Heap before GC invocations=49 (full 0):
 garbage-first heap   total 209920K, used 158849K [0x0000000080000000, 0x0000000100000000)
  region size 1024K, 41 young (41984K), 7 survivors (7168K)
 Metaspace       used 121523K, committed 123904K, reserved 1179648K
  class space    used 16304K, committed 17472K, reserved 1048576K
}
Event: 19.080 GC heap after
{Heap after GC invocations=50 (full 0):
 garbage-first heap   total 209920K, used 124883K [0x0000000080000000, 0x0000000100000000)
  region size 1024K, 6 young (6144K), 6 survivors (6144K)
 Metaspace       used 121523K, committed 123904K, reserved 1179648K
  class space    used 16304K, committed 17472K, reserved 1048576K
}
Event: 19.553 GC heap before
{Heap before GC invocations=50 (full 0):
 garbage-first heap   total 209920K, used 186323K [0x0000000080000000, 0x0000000100000000)
  region size 1024K, 67 young (68608K), 6 survivors (6144K)
 Metaspace       used 122126K, committed 124544K, reserved 1179648K
  class space    used 16408K, committed 17664K, reserved 1048576K
}
Event: 19.564 GC heap after
{Heap after GC invocations=51 (full 0):
 garbage-first heap   total 209920K, used 127790K [0x0000000080000000, 0x0000000100000000)
  region size 1024K, 5 young (5120K), 5 survivors (5120K)
 Metaspace       used 122126K, committed 124544K, reserved 1179648K
  class space    used 16408K, committed 17664K, reserved 1048576K
}
Event: 20.026 GC heap before
{Heap before GC invocations=51 (full 0):
 garbage-first heap   total 209920K, used 189230K [0x0000000080000000, 0x0000000100000000)
  region size 1024K, 66 young (67584K), 5 survivors (5120K)
 Metaspace       used 122559K, committed 124928K, reserved 1179648K
  class space    used 16456K, committed 17664K, reserved 1048576K
}
Event: 20.031 GC heap after
{Heap after GC invocations=52 (full 0):
 garbage-first heap   total 209920K, used 131108K [0x0000000080000000, 0x0000000100000000)
  region size 1024K, 9 young (9216K), 9 survivors (9216K)
 Metaspace       used 122559K, committed 124928K, reserved 1179648K
  class space    used 16456K, committed 17664K, reserved 1048576K
}
Event: 20.555 GC heap before
{Heap before GC invocations=53 (full 0):
 garbage-first heap   total 220160K, used 187428K [0x0000000080000000, 0x0000000100000000)
  region size 1024K, 64 young (65536K), 9 survivors (9216K)
 Metaspace       used 123333K, committed 125760K, reserved 1179648K
  class space    used 16577K, committed 17792K, reserved 1048576K
}
Event: 20.561 GC heap after
{Heap after GC invocations=54 (full 0):
 garbage-first heap   total 220160K, used 131830K [0x0000000080000000, 0x0000000100000000)
  region size 1024K, 4 young (4096K), 4 survivors (4096K)
 Metaspace       used 123333K, committed 125760K, reserved 1179648K
  class space    used 16577K, committed 17792K, reserved 1048576K
}
Event: 21.142 GC heap before
{Heap before GC invocations=54 (full 0):
 garbage-first heap   total 220160K, used 198390K [0x0000000080000000, 0x0000000100000000)
  region size 1024K, 70 young (71680K), 4 survivors (4096K)
 Metaspace       used 126265K, committed 128704K, reserved 1179648K
  class space    used 16919K, committed 18176K, reserved 1048576K
}
Event: 21.149 GC heap after
{Heap after GC invocations=55 (full 0):
 garbage-first heap   total 220160K, used 135982K [0x0000000080000000, 0x0000000100000000)
  region size 1024K, 8 young (8192K), 8 survivors (8192K)
 Metaspace       used 126265K, committed 128704K, reserved 1179648K
  class space    used 16919K, committed 18176K, reserved 1048576K
}
Event: 28.708 GC heap before
{Heap before GC invocations=55 (full 0):
 garbage-first heap   total 220160K, used 198446K [0x0000000080000000, 0x0000000100000000)
  region size 1024K, 70 young (71680K), 8 survivors (8192K)
 Metaspace       used 127900K, committed 130368K, reserved 1179648K
  class space    used 17181K, committed 18432K, reserved 1048576K
}
Event: 28.721 GC heap after
{Heap after GC invocations=56 (full 0):
 garbage-first heap   total 220160K, used 139783K [0x0000000080000000, 0x0000000100000000)
  region size 1024K, 7 young (7168K), 7 survivors (7168K)
 Metaspace       used 127900K, committed 130368K, reserved 1179648K
  class space    used 17181K, committed 18432K, reserved 1048576K
}

